16:54:47 **** Incremental Build of configuration Debug for project EXTI_driver ****
make all 
Building file: ../main.c
Invoking: AVR Compiler
avr-gcc -Wall -g2 -gstabs -O0 -fpack-struct -fshort-enums -ffunction-sections -fdata-sections -std=gnu99 -funsigned-char -funsigned-bitfields -mmcu=atmega32 -DF_CPU=8000000UL -MMD -MP -MF"main.d" -MT"main.o" -c -o "main.o" "../main.c"
../main.c:9: warning: return type of 'main' is not 'int'
Finished building: ../main.c
 
Building target: EXTI_driver.elf
Invoking: AVR C Linker
avr-gcc -Wl,-Map,EXTI_driver.map -mmcu=atmega32 -o "EXTI_driver.elf"  ./DIO_program.o ./EXTI_program.o ./GIE_program.o ./main.o   
Finished building target: EXTI_driver.elf
 
Invoking: AVR Create Extended Listing
avr-objdump -h -S EXTI_driver.elf  >"EXTI_driver.lss"
Finished building: EXTI_driver.lss
 
Create Flash image (ihex format)
avr-objcopy -R .eeprom -R .fuse -R .lock -R .signature -O ihex EXTI_driver.elf  "EXTI_driver.hex"
Finished building: EXTI_driver.hex
 
Invoking: Print Size
avr-size --format=avr --mcu=atmega32 EXTI_driver.elf
AVR Memory Usage
----------------
Device: atmega32

Program:    3066 bytes (9.4% Full)
(.text + .data + .bootloader)

Data:          6 bytes (0.3% Full)
(.data + .bss + .noinit)


Finished building: sizedummy
 

16:54:48 Build Finished (took 619ms)

