16:27:03 **** Incremental Build of configuration Debug for project Project2 ****
make all 
Building file: ../main.c
Invoking: AVR Compiler
avr-gcc -Wall -g2 -gstabs -O0 -fpack-struct -fshort-enums -ffunction-sections -fdata-sections -std=gnu99 -funsigned-char -funsigned-bitfields -mmcu=atmega32 -DF_CPU=8000000UL -MMD -MP -MF"main.d" -MT"main.o" -c -o "main.o" "../main.c"
In file included from ../main.c:5:
d:/imt course content/00-tools/03-imt sdk/03- imt sdk/03- imt sdk/imt_sdk_win_64/imt_sdk_win_64/winavr/lib/gcc/../../avr/include/util/delay.h:90:3: warning: #warning "Compiler optimizations disabled; functions from <util/delay.h> won't work as designed"
../main.c:7: warning: return type of 'main' is not 'int'
Finished building: ../main.c
 
Building target: Project2.elf
Invoking: AVR C Linker
avr-gcc -Wl,-Map,Project2.map -mmcu=atmega32 -o "Project2.elf"  ./DIO_program.o ./main.o   
Finished building target: Project2.elf
 
Invoking: AVR Create Extended Listing
avr-objdump -h -S Project2.elf  >"Project2.lss"
Finished building: Project2.lss
 
Create Flash image (ihex format)
avr-objcopy -R .eeprom -R .fuse -R .lock -R .signature -O ihex Project2.elf  "Project2.hex"
Finished building: Project2.hex
 
Invoking: Print Size
avr-size --format=avr --mcu=atmega32 Project2.elf
AVR Memory Usage
----------------
Device: atmega32

Program:    1744 bytes (5.3% Full)
(.text + .data + .bootloader)

Data:          0 bytes (0.0% Full)
(.data + .bss + .noinit)


Finished building: sizedummy
 

16:27:03 Build Finished (took 586ms)

