12:38:38 **** Incremental Build of configuration Debug for project Project1 ****
make all 
Building file: ../main.c
Invoking: AVR Compiler
avr-gcc -Wall -g2 -gstabs -O0 -fpack-struct -fshort-enums -ffunction-sections -fdata-sections -std=gnu99 -funsigned-char -funsigned-bitfields -mmcu=atmega32 -DF_CPU=8000000UL -MMD -MP -MF"main.d" -MT"main.o" -c -o "main.o" "../main.c"
../main.c:3: warning: return type of 'main' is not 'int'
Finished building: ../main.c
 
Building target: Project1.elf
Invoking: AVR C Linker
avr-gcc -Wl,-Map,Project1.map -mmcu=atmega32 -o "Project1.elf"  ./main.o   
Finished building target: Project1.elf
 
Invoking: AVR Create Extended Listing
avr-objdump -h -S Project1.elf  >"Project1.lss"
Finished building: Project1.lss
 
Create Flash image (ihex format)
avr-objcopy -R .eeprom -R .fuse -R .lock -R .signature -O ihex Project1.elf  "Project1.hex"
Finished building: Project1.hex
 
Invoking: Print Size
avr-size --format=avr --mcu=atmega32 Project1.elf
AVR Memory Usage
----------------
Device: atmega32

Program:     158 bytes (0.5% Full)
(.text + .data + .bootloader)

Data:          0 bytes (0.0% Full)
(.data + .bss + .noinit)


Finished building: sizedummy
 

12:38:39 Build Finished (took 1s.470ms)

