23:47:08 **** Incremental Build of configuration Debug for project SS_driver ****
make all 
Building file: ../main.c
Invoking: AVR Compiler
avr-gcc -Wall -g2 -gstabs -O0 -fpack-struct -fshort-enums -ffunction-sections -fdata-sections -std=gnu99 -funsigned-char -funsigned-bitfields -mmcu=atmega32 -DF_CPU=8000000UL -MMD -MP -MF"main.d" -MT"main.o" -c -o "main.o" "../main.c"
In file included from ../main.c:7:
d:/imt course content/00-tools/03-imt sdk/03- imt sdk/03- imt sdk/imt_sdk_win_64/imt_sdk_win_64/winavr/lib/gcc/../../avr/include/util/delay.h:90:3: warning: #warning "Compiler optimizations disabled; functions from <util/delay.h> won't work as designed"
../main.c:10: warning: return type of 'main' is not 'int'
Finished building: ../main.c
 
Building target: SS_driver.elf
Invoking: AVR C Linker
avr-gcc -Wl,-Map,SS_driver.map -mmcu=atmega32 -o "SS_driver.elf"  ./DIO_program.o ./SS_program.o ./main.o   
Finished building target: SS_driver.elf
 
Invoking: AVR Create Extended Listing
avr-objdump -h -S SS_driver.elf  >"SS_driver.lss"
Finished building: SS_driver.lss
 
Create Flash image (ihex format)
avr-objcopy -R .eeprom -R .fuse -R .lock -R .signature -O ihex SS_driver.elf  "SS_driver.hex"
Finished building: SS_driver.hex
 
Invoking: Print Size
avr-size --format=avr --mcu=atmega32 SS_driver.elf
AVR Memory Usage
----------------
Device: atmega32

Program:    5172 bytes (15.8% Full)
(.text + .data + .bootloader)

Data:         18 bytes (0.9% Full)
(.data + .bss + .noinit)


Finished building: sizedummy
 

23:47:09 Build Finished (took 727ms)

